<?xml version="1.0" encoding="UTF-8"?>
<testng-results ignored="0" total="1" passed="1" failed="0" skipped="0">
  <reporter-output>
  </reporter-output>
  <suite started-at="2024-11-01T18:48:27 IST" name="Default suite" finished-at="2024-11-01T18:48:51 IST" duration-ms="24094">
    <groups>
    </groups>
    <test started-at="2024-11-01T18:48:27 IST" name="Default test" finished-at="2024-11-01T18:48:51 IST" duration-ms="24094">
      <class name="Organization.CreateorganizationTest">
        <test-method signature="orgcreation()[pri:0, instance:Organization.CreateorganizationTest@3b0090a4]" started-at="2024-11-01T18:48:27 IST" name="orgcreation" finished-at="2024-11-01T18:48:51 IST" duration-ms="23761" status="PASS">
          <reporter-output>
          </reporter-output>
        </test-method> <!-- orgcreation -->
      </class> <!-- Organization.CreateorganizationTest -->
    </test> <!-- Default test -->
  </suite> <!-- Default suite -->
</testng-results>
